2020-11-21 18:57:49,883 INFO o.a.j.u.JMeterUtils: Setting Locale to en_EN
2020-11-21 18:57:49,910 INFO o.a.j.JMeter: Loading user properties from: /usr/local/Cellar/jmeter/5.3_1/libexec/bin/user.properties
2020-11-21 18:57:49,911 INFO o.a.j.JMeter: Loading system properties from: /usr/local/Cellar/jmeter/5.3_1/libexec/bin/system.properties
2020-11-21 18:57:49,913 INFO o.a.j.JMeter: Copyright (c) 1998-2020 The Apache Software Foundation
2020-11-21 18:57:49,913 INFO o.a.j.JMeter: Version 5.3
2020-11-21 18:57:49,913 INFO o.a.j.JMeter: java.version=15.0.1
2020-11-21 18:57:49,913 INFO o.a.j.JMeter: java.vm.name=OpenJDK 64-Bit Server VM
2020-11-21 18:57:49,913 INFO o.a.j.JMeter: os.name=Mac OS X
2020-11-21 18:57:49,913 INFO o.a.j.JMeter: os.arch=x86_64
2020-11-21 18:57:49,913 INFO o.a.j.JMeter: os.version=10.16
2020-11-21 18:57:49,913 INFO o.a.j.JMeter: file.encoding=UTF-8
2020-11-21 18:57:49,913 INFO o.a.j.JMeter: java.awt.headless=null
2020-11-21 18:57:49,913 INFO o.a.j.JMeter: Max memory     =1073741824
2020-11-21 18:57:49,913 INFO o.a.j.JMeter: Available Processors =8
2020-11-21 18:57:49,923 INFO o.a.j.JMeter: Default Locale=English (EN)
2020-11-21 18:57:49,924 INFO o.a.j.JMeter: JMeter  Locale=English (EN)
2020-11-21 18:57:49,924 INFO o.a.j.JMeter: JMeterHome=/usr/local/Cellar/jmeter/5.3_1/libexec
2020-11-21 18:57:49,924 INFO o.a.j.JMeter: user.dir  =/Users/xys/Crystal/Personal Projects/toyBootloader
2020-11-21 18:57:49,924 INFO o.a.j.JMeter: PWD       =/Users/xys/Crystal/Personal Projects/toyBootloader
2020-11-21 18:57:49,927 INFO o.a.j.JMeter: IP: 127.0.0.1 Name: XYS.local FullName: localhost
2020-11-21 18:57:50,313 INFO o.a.j.JMeter: Setting LAF to: com.github.weisj.darklaf.DarkLaf:com.github.weisj.darklaf.theme.DarculaTheme
2020-11-21 18:57:52,177 INFO o.a.j.JMeter: Loaded icon properties from org/apache/jmeter/images/icon.properties
2020-11-21 18:57:53,387 INFO o.j.r.JARSourceHTTP: Requesting https://jmeter-plugins.org/repo/?installID=mac_os_x-243154328833b3c261b326cba253141f-gui
2020-11-21 18:58:01,762 INFO o.a.j.s.FileServer: Default base='/Users/xys/Crystal/Personal Projects/toyBootloader'
2020-11-21 18:58:01,765 INFO o.a.j.g.a.Load: Loading file: /Users/xys/Crystal/Homework/软件测试/selenium/Test.jmx
2020-11-21 18:58:01,766 INFO o.a.j.s.FileServer: Set new base='/Users/xys/Crystal/Homework/软件测试/selenium'
2020-11-21 18:58:01,937 INFO o.a.j.s.SaveService: Testplan (JMX) version: 2.2. Testlog (JTL) version: 2.2
2020-11-21 18:58:01,945 INFO o.a.j.s.SaveService: Using SaveService properties version 5.0
2020-11-21 18:58:01,946 INFO o.a.j.s.SaveService: Using SaveService properties file encoding UTF-8
2020-11-21 18:58:01,948 INFO o.a.j.s.SaveService: Loading file: /Users/xys/Crystal/Homework/软件测试/selenium/Test.jmx
2020-11-21 18:58:01,974 WARN o.j.r.p.TestPlanAnalyzer: Cannot parse file: /Users/xys/Crystal/Homework/软件测试/selenium/Test.jmx
org.xml.sax.SAXParseException: Character reference "&#x0" is an invalid XML character.
	at org.apache.xerces.parsers.DOMParser.parse(Unknown Source) ~[xercesImpl-2.12.0.jar:?]
	at org.apache.xerces.jaxp.DocumentBuilderImpl.parse(Unknown Source) ~[xercesImpl-2.12.0.jar:?]
	at javax.xml.parsers.DocumentBuilder.parse(DocumentBuilder.java:122) ~[?:?]
	at org.jmeterplugins.repository.plugins.TestPlanAnalyzer.getNodeListWithClassNames(TestPlanAnalyzer.java:104) ~[jmeter-plugins-manager-1.4.jar:?]
	at org.jmeterplugins.repository.plugins.TestPlanAnalyzer.analyze(TestPlanAnalyzer.java:33) ~[jmeter-plugins-manager-1.4.jar:?]
	at org.jmeterplugins.repository.plugins.PluginSuggester.analyzeTestPlan(PluginSuggester.java:51) ~[jmeter-plugins-manager-1.4.jar:?]
	at org.jmeterplugins.repository.plugins.PluginSuggester.findPluginsToInstall(PluginSuggester.java:44) ~[jmeter-plugins-manager-1.4.jar:?]
	at org.jmeterplugins.repository.plugins.PluginSuggester.checkAndSuggest(PluginSuggester.java:28) ~[jmeter-plugins-manager-1.4.jar:?]
	at org.jmeterplugins.repository.logging.LoggerAppender.append(LoggerAppender.java:33) ~[jmeter-plugins-manager-1.4.jar:?]
	at org.apache.logging.log4j.core.config.AppenderControl.tryCallAppender(AppenderControl.java:156) ~[log4j-core-2.13.1.jar:2.13.1]
	at org.apache.logging.log4j.core.config.AppenderControl.callAppender0(AppenderControl.java:129) ~[log4j-core-2.13.1.jar:2.13.1]
	at org.apache.logging.log4j.core.config.AppenderControl.callAppenderPreventRecursion(AppenderControl.java:120) ~[log4j-core-2.13.1.jar:2.13.1]
	at org.apache.logging.log4j.core.config.AppenderControl.callAppender(AppenderControl.java:84) ~[log4j-core-2.13.1.jar:2.13.1]
	at org.apache.logging.log4j.core.config.LoggerConfig.callAppenders(LoggerConfig.java:543) ~[log4j-core-2.13.1.jar:2.13.1]
	at org.apache.logging.log4j.core.config.LoggerConfig.processLogEvent(LoggerConfig.java:502) ~[log4j-core-2.13.1.jar:2.13.1]
	at org.apache.logging.log4j.core.config.LoggerConfig.log(LoggerConfig.java:485) ~[log4j-core-2.13.1.jar:2.13.1]
	at org.apache.logging.log4j.core.config.LoggerConfig.log(LoggerConfig.java:460) ~[log4j-core-2.13.1.jar:2.13.1]
	at org.apache.logging.log4j.core.config.AwaitCompletionReliabilityStrategy.log(AwaitCompletionReliabilityStrategy.java:82) ~[log4j-core-2.13.1.jar:2.13.1]
	at org.apache.logging.log4j.core.Logger.log(Logger.java:161) ~[log4j-core-2.13.1.jar:2.13.1]
	at org.apache.logging.log4j.spi.AbstractLogger.tryLogMessage(AbstractLogger.java:2198) ~[log4j-api-2.13.1.jar:2.13.1]
	at org.apache.logging.log4j.spi.AbstractLogger.logMessageTrackRecursion(AbstractLogger.java:2152) ~[log4j-api-2.13.1.jar:2.13.1]
	at org.apache.logging.log4j.spi.AbstractLogger.logMessageSafely(AbstractLogger.java:2135) ~[log4j-api-2.13.1.jar:2.13.1]
	at org.apache.logging.log4j.spi.AbstractLogger.logMessage(AbstractLogger.java:2028) ~[log4j-api-2.13.1.jar:2.13.1]
	at org.apache.logging.log4j.spi.AbstractLogger.logIfEnabled(AbstractLogger.java:1899) ~[log4j-api-2.13.1.jar:2.13.1]
	at org.apache.logging.slf4j.Log4jLogger.info(Log4jLogger.java:184) ~[log4j-slf4j-impl-2.13.1.jar:2.13.1]
	at org.apache.jmeter.save.SaveService.loadTree(SaveService.java:427) ~[ApacheJMeter_core.jar:5.3]
	at org.apache.jmeter.gui.action.Load.loadProjectFile(Load.java:129) ~[ApacheJMeter_core.jar:5.3]
	at org.apache.jmeter.gui.action.Load.loadProjectFile(Load.java:101) ~[ApacheJMeter_core.jar:5.3]
	at org.apache.jmeter.gui.action.LoadRecentProject.doActionAfterCheck(LoadRecentProject.java:66) ~[ApacheJMeter_core.jar:5.3]
	at org.apache.jmeter.gui.action.AbstractActionWithNoRunningTest.doAction(AbstractActionWithNoRunningTest.java:44) ~[ApacheJMeter_core.jar:5.3]
	at org.apache.jmeter.gui.action.ActionRouter.performAction(ActionRouter.java:87) ~[ApacheJMeter_core.jar:5.3]
	at org.apache.jmeter.gui.action.ActionRouter.lambda$actionPerformed$0(ActionRouter.java:69) ~[ApacheJMeter_core.jar:5.3]
	at java.awt.event.InvocationEvent.dispatch(InvocationEvent.java:316) ~[?:?]
	at java.awt.EventQueue.dispatchEventImpl(EventQueue.java:770) ~[?:?]
	at java.awt.EventQueue$4.run(EventQueue.java:721) ~[?:?]
	at java.awt.EventQueue$4.run(EventQueue.java:715) ~[?:?]
	at java.security.AccessController.doPrivileged(AccessController.java:391) [?:?]
	at java.security.ProtectionDomain$JavaSecurityAccessImpl.doIntersectionPrivilege(ProtectionDomain.java:85) [?:?]
	at java.awt.EventQueue.dispatchEvent(EventQueue.java:740) [?:?]
	at java.awt.EventDispatchThread.pumpOneEventForFilters(EventDispatchThread.java:203) [?:?]
	at java.awt.EventDispatchThread.pumpEventsForFilter(EventDispatchThread.java:124) [?:?]
	at java.awt.EventDispatchThread.pumpEventsForHierarchy(EventDispatchThread.java:113) [?:?]
	at java.awt.EventDispatchThread.pumpEvents(EventDispatchThread.java:109) [?:?]
	at java.awt.EventDispatchThread.pumpEvents(EventDispatchThread.java:101) [?:?]
	at java.awt.EventDispatchThread.run(EventDispatchThread.java:90) [?:?]
2020-11-21 18:58:02,226 INFO o.a.j.e.KeyToolUtils: keytool found at 'keytool'
2020-11-21 18:58:02,227 INFO o.a.j.p.h.p.ProxyControl: HTTP(S) Test Script Recorder SSL Proxy will use keys that support embedded 3rd party resources in file /usr/local/Cellar/jmeter/5.3_1/libexec/bin/proxyserver.jks
2020-11-21 18:58:02,232 INFO o.a.j.p.h.s.HTTPSamplerBase: Parser for text/html is org.apache.jmeter.protocol.http.parser.LagartoBasedHtmlParser
2020-11-21 18:58:02,233 INFO o.a.j.p.h.s.HTTPSamplerBase: Parser for application/xhtml+xml is org.apache.jmeter.protocol.http.parser.LagartoBasedHtmlParser
2020-11-21 18:58:02,233 INFO o.a.j.p.h.s.HTTPSamplerBase: Parser for application/xml is org.apache.jmeter.protocol.http.parser.LagartoBasedHtmlParser
2020-11-21 18:58:02,233 INFO o.a.j.p.h.s.HTTPSamplerBase: Parser for text/xml is org.apache.jmeter.protocol.http.parser.LagartoBasedHtmlParser
2020-11-21 18:58:02,233 INFO o.a.j.p.h.s.HTTPSamplerBase: Parser for text/vnd.wap.wml is org.apache.jmeter.protocol.http.parser.RegexpHTMLParser
2020-11-21 18:58:02,233 INFO o.a.j.p.h.s.HTTPSamplerBase: Parser for text/css is org.apache.jmeter.protocol.http.parser.CssParser
2020-11-21 18:58:03,369 INFO o.a.j.s.SampleResult: Note: Sample TimeStamps are START times
2020-11-21 18:58:03,369 INFO o.a.j.s.SampleResult: sampleresult.default.encoding is set to ISO-8859-1
2020-11-21 18:58:03,369 INFO o.a.j.s.SampleResult: sampleresult.useNanoTime=true
2020-11-21 18:58:03,369 INFO o.a.j.s.SampleResult: sampleresult.nanoThreadSleep=5000
2020-11-21 18:58:03,511 INFO o.a.j.v.ViewResultsFullVisualizer: Add JavaFX to your Java installation if you want to use renderer: org.apache.jmeter.visualizers.RenderInBrowser
2020-11-21 18:58:03,617 INFO o.a.j.s.FileServer: Set new base='/Users/xys/Crystal/Homework/软件测试/selenium'
